/*C6*/SET SCHEMA PUBLIC
DELETE FROM USERS WHERE ID=1000
COMMIT
INSERT INTO USERS VALUES(1000,'Bill','Gates','1968-04-26')
COMMIT
INSERT INTO USERS VALUES(1001,'George','Bush','1949-08-17')
COMMIT
DISCONNECT
/*C7*/SET SCHEMA PUBLIC
DISCONNECT
/*C8*/SET SCHEMA PUBLIC
DELETE FROM USERS WHERE ID=1000
DELETE FROM USERS WHERE ID=1001
COMMIT
INSERT INTO USERS VALUES(1000,'Bill','Gates','1968-04-26')
COMMIT
INSERT INTO USERS VALUES(1001,'George','Bush','1949-08-17')
COMMIT
DISCONNECT
/*C9*/SET SCHEMA PUBLIC
DELETE FROM USERS WHERE ID=1001
COMMIT
DISCONNECT
/*C10*/SET SCHEMA PUBLIC
DISCONNECT
/*C11*/SET SCHEMA PUBLIC
DISCONNECT
/*C12*/SET SCHEMA PUBLIC
DELETE FROM USERS WHERE ID=1000
COMMIT
INSERT INTO USERS VALUES(1000,'Bill','Gates','1968-04-26')
COMMIT
INSERT INTO USERS VALUES(1001,'George','Bush','1949-08-17')
COMMIT
DISCONNECT
/*C13*/SET SCHEMA PUBLIC
INSERT INTO USERS VALUES(1009,'Jack','Nickolsan','1992-02-11')
COMMIT
DISCONNECT
/*C14*/SET SCHEMA PUBLIC
DELETE FROM USERS WHERE ID=1000
DELETE FROM USERS WHERE ID=1001
DELETE FROM USERS WHERE ID=1009
COMMIT
INSERT INTO USERS VALUES(1000,'Bill','Gates','1968-04-26')
COMMIT
INSERT INTO USERS VALUES(1001,'George','Bush','1949-08-17')
COMMIT
DISCONNECT
/*C15*/SET SCHEMA PUBLIC
INSERT INTO USERS VALUES(1010,'Bob','Lolybomb','1983-10-27')
COMMIT
DISCONNECT
/*C16*/SET SCHEMA PUBLIC
DELETE FROM USERS WHERE ID=1010
INSERT INTO USERS VALUES(1010,'Nick','Jonson','1983-10-27')
COMMIT
DISCONNECT
/*C17*/SET SCHEMA PUBLIC
DISCONNECT
/*C18*/SET SCHEMA PUBLIC
DELETE FROM USERS WHERE ID=1000
DELETE FROM USERS WHERE ID=1001
DELETE FROM USERS WHERE ID=1010
COMMIT
INSERT INTO USERS VALUES(1000,'Bill','Gates','1968-04-26')
COMMIT
INSERT INTO USERS VALUES(1001,'George','Bush','1949-08-17')
COMMIT
DISCONNECT
/*C19*/SET SCHEMA PUBLIC
DISCONNECT
